Cleaning File: Cadus.fa
Gene removed - Abnormal sequence length: >ENSCAFG00000009629|ENSCAFT00000015296|-
Gene removed - Abnormal sequence length: >ENSCAFG00000009629|ENSCAFT00000015301|-
Cleaning File: Calp.fa
Gene removed - Longer transcript found: >ENSCAFG00000009629|ENSCAFT00000015301|-

Gene removed - Longer transcript found: >ENSCAFG00000009629|ENSCAFT00000015296|-
Cleaning File: Caur.fa
Gene removed - Longer transcript found: >ENSCAFG00000009629|ENSCAFT00000015301|-

Gene removed - Longer transcript found: >ENSCAFG00000009629|ENSCAFT00000015296|-
Cleaning File: Cbrac.fa
Gene removed - Abnormal sequence length: >ENSCAFG00000009629|ENSCAFT00000015296|-
Gene removed - Abnormal sequence length: >ENSCAFG00000009629|ENSCAFT00000015301|-
Cleaning File: Cfam.fa
Gene removed - Longer transcript found: >ENSCAFG00000009629|ENSCAFT00000015301|-

Gene removed - Longer transcript found: >ENSCAFG00000009629|ENSCAFT00000015296|-
Cleaning File: Clat.fa
Gene removed - Longer transcript found: >ENSCAFG00000009629|ENSCAFT00000015301|-

Gene removed - Longer transcript found: >ENSCAFG00000009629|ENSCAFT00000015296|-
Cleaning File: Clupa.fa
Gene removed - Longer transcript found: >ENSCAFG00000009629|ENSCAFT00000015301|-

Gene removed - Longer transcript found: >ENSCAFG00000009629|ENSCAFT00000015296|-
Cleaning File: Clupu.fa
Gene removed - Longer transcript found: >ENSCAFG00000009629|ENSCAFT00000015301|-

Gene removed - Longer transcript found: >ENSCAFG00000009629|ENSCAFT00000015296|-
Cleaning File: Cmeso.fa
Gene removed - Abnormal sequence length: >ENSCAFG00000009629|ENSCAFT00000015296|-
Gene removed - Abnormal sequence length: >ENSCAFG00000009629|ENSCAFT00000015301|-
Cleaning File: Csime.fa
Gene removed - Longer transcript found: >ENSCAFG00000009629|ENSCAFT00000015301|-

Gene removed - Longer transcript found: >ENSCAFG00000009629|ENSCAFT00000015296|-
Cleaning File: Lcul.fa
Gene removed - Longer transcript found: >ENSCAFG00000009629|ENSCAFT00000015301|-

Gene removed - Longer transcript found: >ENSCAFG00000009629|ENSCAFT00000015296|-
Cleaning File: Lpic.fa
Gene removed - Longer transcript found: >ENSCAFG00000009629|ENSCAFT00000015301|-

Gene removed - Longer transcript found: >ENSCAFG00000009629|ENSCAFT00000015296|-
Cleaning File: Sven.fa
Gene removed - Abnormal sequence length: >ENSCAFG00000009629|ENSCAFT00000015296|-
Gene removed - Abnormal sequence length: >ENSCAFG00000009629|ENSCAFT00000015301|-
Cleaning File: Ucin.fa
Gene removed - Longer transcript found: >ENSCAFG00000009629|ENSCAFT00000015301|-

Gene removed - Longer transcript found: >ENSCAFG00000009629|ENSCAFT00000015296|-
Cleaning File: Vulp.fa
Gene removed - Longer transcript found: >ENSCAFG00000009629|ENSCAFT00000015301|-

Gene removed - Longer transcript found: >ENSCAFG00000009629|ENSCAFT00000015296|-
