############
Create directories to sotre intermediate files
############
############
Get Likelihoods
############
############
Get Likelihoods
############
############
Get p-values
############
############
Get BEB sites
############
 ************************** Extracting BEB Sites *********************************************** 
 ************************** Extracting BEB Sites *********************************************** 
#####################
Delete all intermidiate files
#####################
